<?xml version='1.0' encoding='UTF-8'?>
<testsuite hostname="Macieks" name="pl.emmajk.OpnExpressionEvaluatorTest" tests="1" errors="0" failures="0" skipped="0" time="0.046" timestamp="2024-06-28T12:18:47">
          <properties>
[...]
</properties>
          <testcase classname="pl.emmajk.OpnExpressionEvaluatorTest" name="evaluating opn string should return expected result" time="0.046">
                      
                    </testcase>
          <system-out><![CDATA[]]></system-out>
          <system-err><![CDATA[]]></system-err>
        </testsuite>